\BOOKMARK [1][-]{section.1}{\376\377\000I\000n\000t\000r\000o\000d\000u\000c\000t\000i\000o\000n}{}% 1
\BOOKMARK [1][-]{section.2}{\376\377\000L\000i\000t\000e\000r\000a\000t\000u\000r\000e\000\040\000R\000e\000v\000i\000e\000w}{}% 2
\BOOKMARK [2][-]{subsection.2.1}{\376\377\000P\000r\000o\000n\000o\000u\000n\000s\000\040\000a\000s\000\040\000P\000o\000l\000i\000t\000i\000c\000a\000l\000\040\000G\000r\000a\000m\000m\000a\000r}{section.2}% 3
\BOOKMARK [2][-]{subsection.2.2}{\376\377\000U\000k\000r\000a\000i\000n\000i\000a\000n\000\040\000I\000d\000e\000n\000t\000i\000t\000y\000\040\000a\000s\000\040\000D\000i\000s\000c\000u\000r\000s\000i\000v\000e\000\040\000E\000v\000e\000n\000t}{section.2}% 4
\BOOKMARK [2][-]{subsection.2.3}{\376\377\000U\000k\000r\000a\000i\000n\000i\000a\000n\000\040\000W\000a\000r\000t\000i\000m\000e\000\040\000P\000o\000e\000t\000r\000y\000\040\000a\000s\000\040\000P\000o\000l\000i\000t\000i\000c\000a\000l\000\040\000D\000i\000s\000c\000o\000u\000r\000s\000e}{section.2}% 5
\BOOKMARK [2][-]{subsection.2.4}{\376\377\000D\000i\000g\000i\000t\000a\000l\000\040\000C\000i\000r\000c\000u\000l\000a\000t\000i\000o\000n\000\040\000a\000n\000d\000\040\000N\000e\000t\000w\000o\000r\000k\000e\000d\000\040\000P\000o\000e\000t\000i\000c\000\040\000P\000u\000b\000l\000i\000c\000s}{section.2}% 6
\BOOKMARK [1][-]{section.3}{\376\377\000M\000e\000t\000h\000o\000d\000s}{}% 7
\BOOKMARK [2][-]{subsection.3.1}{\376\377\000C\000o\000r\000p\000u\000s\000\040\000a\000n\000d\000\040\000D\000a\000t\000a\000\040\000S\000o\000u\000r\000c\000e}{section.3}% 8
\BOOKMARK [2][-]{subsection.3.2}{\376\377\000P\000e\000r\000i\000o\000d\000\040\000C\000o\000d\000i\000n\000g}{section.3}% 9
\BOOKMARK [2][-]{subsection.3.3}{\376\377\000P\000r\000o\000n\000o\000u\000n\000\040\000A\000n\000n\000o\000t\000a\000t\000i\000o\000n\000\040\000v\000i\000a\000\040\000S\000h\000a\000k\000e\000s\000p\000e\000a\000r\000e\000a\000n\000\040\000E\000n\000g\000l\000i\000s\000h\000\040\000T\000r\000a\000n\000s\000l\000a\000t\000i\000o\000n}{section.3}% 10
\BOOKMARK [2][-]{subsection.3.4}{\376\377\000P\000r\000o\000n\000o\000u\000n\000\040\000C\000e\000l\000l\000\040\000C\000o\000n\000s\000t\000r\000u\000c\000t\000i\000o\000n}{section.3}% 11
\BOOKMARK [2][-]{subsection.3.5}{\376\377\000E\000s\000t\000i\000m\000a\000n\000d\000\040\000A\000r\000c\000h\000i\000t\000e\000c\000t\000u\000r\000e\000:\000\040\000T\000w\000o\000\040\000D\000i\000s\000t\000i\000n\000c\000t\000\040\000C\000o\000n\000f\000i\000r\000m\000a\000t\000o\000r\000y\000\040\000Q\000u\000e\000s\000t\000i\000o\000n\000s}{section.3}% 12
\BOOKMARK [2][-]{subsection.3.6}{\376\377\000S\000t\000a\000t\000i\000s\000t\000i\000c\000a\000l\000\040\000M\000o\000d\000e\000l\000s}{section.3}% 13
\BOOKMARK [3][-]{subsubsection.3.6.1}{\376\377\000A\000b\000s\000o\000l\000u\000t\000e\000\040\000S\000a\000l\000i\000e\000n\000c\000e\000\040\000\050\000R\000Q\0001\000\051\000:\000\040\000P\000e\000r\000-\000C\000e\000l\000l\000\040\000P\000o\000i\000s\000s\000o\000n\000\040\000a\000n\000d\000\040\000N\000e\000g\000a\000t\000i\000v\000e\000-\000B\000i\000n\000o\000m\000i\000a\000l\000\040\000G\000L\000M}{subsection.3.6}% 14
\BOOKMARK [3][-]{subsubsection.3.6.2}{\376\377\000A\000u\000t\000h\000o\000r\000\040\000H\000e\000t\000e\000r\000o\000g\000e\000n\000e\000i\000t\000y\000\040\000\050\000R\000Q\0002\000\051\000:\000\040\000H\000i\000e\000r\000a\000r\000c\000h\000i\000c\000a\000l\000\040\000R\000a\000n\000d\000o\000m\000-\000S\000l\000o\000p\000e\000\040\000M\000o\000d\000e\000l}{subsection.3.6}% 15
\BOOKMARK [2][-]{subsection.3.7}{\376\377\000D\000e\000s\000c\000r\000i\000p\000t\000i\000v\000e\000\040\000L\000a\000y\000e\000r\000:\000\040\000T\000e\000m\000p\000o\000r\000a\000l\000\040\000B\000i\000n\000n\000i\000n\000g\000\040\000a\000n\000d\000\040\000B\000r\000e\000a\000k\000p\000o\000i\000n\000t\000\040\000R\000e\000g\000r\000e\000s\000s\000i\000o\000n}{section.3}% 16
\BOOKMARK [1][-]{section.4}{\376\377\000R\000e\000s\000u\000l\000t\000s}{}% 17
\BOOKMARK [2][-]{subsection.4.1}{\376\377\000A\000b\000s\000o\000l\000u\000t\000e\000\040\000S\000a\000l\000i\000e\000n\000c\000e\000\040\000a\000n\000d\000\040\000C\000o\000r\000p\000u\000s\000-\000L\000e\000v\000e\000l\000\040\000S\000h\000i\000f\000t\000s\000\040\000\050\000R\000Q\0001\000\051}{section.4}% 18
\BOOKMARK [3][-]{subsubsection.4.1.1}{\376\377\000P\000r\000i\000m\000a\000r\000y\000\040\000s\000t\000r\000a\000t\000u\000m\000\040\000\050\000U\000k\000r\000a\000i\000n\000i\000a\000n\000-\000l\000a\000n\000g\000u\000a\000g\000e\000\040\000p\000o\000e\000m\000s\000\051}{subsection.4.1}% 19
\BOOKMARK [3][-]{subsubsection.4.1.2}{\376\377\000S\000e\000c\000o\000n\000d\000a\000r\000y\000\040\000s\000t\000r\000a\000t\000u\000m\000\040\000\050\000R\000u\000s\000s\000i\000a\000n\000-\000l\000a\000n\000g\000u\000a\000g\000e\000\040\000p\000o\000e\000m\000s\000\051}{subsection.4.1}% 20
\BOOKMARK [3][-]{subsubsection.4.1.3}{\376\377\000S\000p\000e\000c\000i\000f\000i\000c\000a\000t\000i\000o\000n\000-\000c\000u\000r\000v\000e\000\040\000r\000o\000b\000u\000s\000t\000n\000e\000s\000s}{subsection.4.1}% 21
\BOOKMARK [3][-]{subsubsection.4.1.4}{\376\377\000D\000e\000s\000c\000r\000i\000p\000t\000i\000v\000e\000\040\000c\000o\000m\000p\000o\000s\000i\000t\000i\000o\000n\000:\000\040\000t\000h\000e\000\040\000f\000o\000u\000r\000-\000c\000e\000l\000l\000\040\000p\000r\000e\000/\000p\000o\000s\000t\000\040\000m\000a\000t\000r\000i\000x}{subsection.4.1}% 22
\BOOKMARK [3][-]{subsubsection.4.1.5}{\376\377\000T\000e\000m\000p\000o\000r\000a\000l\000\040\000t\000r\000a\000j\000e\000c\000t\000o\000r\000y\000\040\000a\000n\000d\000\040\000b\000r\000e\000a\000k\000p\000o\000i\000n\000t\000\040\000d\000e\000t\000e\000c\000t\000i\000o\000n}{subsection.4.1}% 23
\BOOKMARK [3][-]{subsubsection.4.1.6}{\376\377\000R\000Q\0001\000\040\000s\000u\000m\000m\000a\000r\000y}{subsection.4.1}% 24
\BOOKMARK [2][-]{subsection.4.2}{\376\377\000I\000n\000d\000i\000v\000i\000d\000u\000a\000l\000\040\000A\000u\000t\000h\000o\000r\000\040\000T\000r\000a\000j\000e\000c\000t\000o\000r\000i\000e\000s\000\040\000a\000n\000d\000\040\000H\000e\000t\000e\000r\000o\000g\000e\000n\000e\000i\000t\000y\000\040\000\050\000R\000Q\0002\000\051}{section.4}% 25
\BOOKMARK [3][-]{subsubsection.4.2.1}{\376\377\000P\000o\000p\000u\000l\000a\000t\000i\000o\000n\000-\000l\000e\000v\000e\000l\000\040\000p\000e\000r\000i\000o\000d\000\040\000s\000h\000i\000f\000t\000\040\000a\000f\000t\000e\000r\000\040\000p\000a\000r\000t\000i\000a\000l\000\040\000p\000o\000o\000l\000i\000n\000g}{subsection.4.2}% 26
\BOOKMARK [3][-]{subsubsection.4.2.2}{\376\377\000A\000u\000t\000h\000o\000r\000\040\000r\000a\000n\000d\000o\000m\000-\000s\000l\000o\000p\000e\000\040\000v\000a\000r\000i\000a\000n\000c\000e}{subsection.4.2}% 27
\BOOKMARK [3][-]{subsubsection.4.2.3}{\376\377\000P\000o\000l\000i\000t\000e\000-\000s\000i\000n\000g\000u\000l\000a\000r\000\040\000v\000y\000\040\000u\000n\000d\000e\000r\000\040\000p\000a\000r\000t\000i\000a\000l\000\040\000p\000o\000o\000l\000i\000n\000g}{subsection.4.2}% 28
\BOOKMARK [3][-]{subsubsection.4.2.4}{\376\377\000C\000a\000t\000e\000r\000p\000i\000l\000l\000a\000r\000\040\000o\000f\000\040\000t\000h\000e\000\040\0001\000p\000l\000\040\000p\000e\000r\000-\000a\000u\000t\000h\000o\000r\000\040\000p\000o\000s\000t\000e\000r\000i\000o\000r}{subsection.4.2}% 29
\BOOKMARK [3][-]{subsubsection.4.2.5}{\376\377\000R\000Q\0002\000\040\000s\000u\000m\000m\000a\000r\000y}{subsection.4.2}% 30
\BOOKMARK [1][-]{section.5}{\376\377\000D\000i\000s\000c\000u\000s\000s\000i\000o\000n\000s}{}% 31
\BOOKMARK [2][-]{subsection.5.1}{\376\377\000S\000y\000n\000t\000h\000e\000s\000i\000s\000:\000\040\000h\000e\000t\000e\000r\000o\000g\000e\000n\000e\000o\000u\000s\000\040\000r\000e\000a\000c\000t\000i\000o\000n\000,\000\040\000n\000o\000t\000\040\000h\000o\000m\000o\000g\000e\000n\000e\000o\000u\000s\000\040\000c\000r\000y\000s\000t\000a\000l\000l\000i\000z\000a\000t\000i\000o\000n}{section.5}% 32
\BOOKMARK [2][-]{subsection.5.2}{\376\377\000T\000h\000e\000o\000r\000e\000t\000i\000c\000a\000l\000\040\000c\000a\000l\000l\000b\000a\000c\000k\000s}{section.5}% 33
\BOOKMARK [3][-]{subsubsection.5.2.1}{\376\377\0001\000P\000L\000\040\000s\000h\000i\000f\000t\000s\000:\000\040\000B\000i\000l\000l\000i\000g\000,\000\040\000B\000r\000u\000b\000a\000k\000e\000r\000,\000\040\000a\000n\000d\000\040\000g\000r\000o\000u\000p\000n\000e\000s\000s\000\040\000a\000s\000\040\000e\000v\000e\000n\000t}{subsection.5.2}% 34
\BOOKMARK [3][-]{subsubsection.5.2.2}{\376\377\000B\000i\000d\000i\000r\000e\000c\000t\000i\000o\000n\000a\000l\000\040\0002\000s\000g\000\040\000a\000n\000d\000\040\000t\000h\000e\000\040\000w\000a\000n\000d\000e\000r\000i\000n\000g\000\040\000`\000`\000w\000e\000'\000'}{subsection.5.2}% 35
\BOOKMARK [3][-]{subsubsection.5.2.3}{\376\377\000S\000o\000c\000i\000o\000l\000i\000n\000g\000u\000i\000s\000t\000i\000c\000\040\000g\000r\000o\000u\000n\000d\000i\000n\000g\000:\000\040\000K\000u\000l\000y\000k\000,\000\040\000O\000n\000u\000c\000h\000,\000\040\000a\000n\000d\000\040\000t\000h\000e\000\040\000p\000o\000s\000t\000-\0002\0000\0002\0002\000\040\000c\000i\000v\000i\000c\000\040\000i\000d\000e\000n\000t\000i\000t\000y}{subsection.5.2}% 36
\BOOKMARK [2][-]{subsection.5.3}{\376\377\000M\000e\000t\000h\000o\000d\000o\000l\000o\000g\000i\000c\000a\000l\000\040\000c\000o\000n\000t\000r\000i\000b\000u\000t\000i\000o\000n}{section.5}% 37
\BOOKMARK [1][-]{section.6}{\376\377\000C\000o\000n\000c\000l\000u\000s\000i\000o\000n\000s}{}% 38
\BOOKMARK [1][-]{section.7}{\376\377\000L\000i\000m\000i\000t\000a\000t\000i\000o\000n\000s}{}% 39
\BOOKMARK [1][-]{appendix.A}{\376\377\000R\000o\000s\000t\000e\000r\000\040\000s\000a\000m\000p\000l\000e\000\040\000c\000o\000m\000p\000o\000s\000i\000t\000i\000o\000n}{}% 40
